[Mon Nov  6 20:51:20 2017] ::1:50147 [200]: /
[Mon Nov  6 20:51:20 2017] ::1:50148 [200]: /fonts/roboto-mono-v5-latin/roboto-mono.css
[Mon Nov  6 20:51:20 2017] ::1:50149 [200]: /css/index.css
[Mon Nov  6 20:51:20 2017] ::1:50150 [200]: /fonts/webfont.js
[Mon Nov  6 20:51:20 2017] ::1:50151 [200]: /js/utils.js
[Mon Nov  6 20:51:20 2017] ::1:50152 [200]: /js/api.js
[Mon Nov  6 20:51:20 2017] ::1:50153 [200]: /js/notificationscenter.js
[Mon Nov  6 20:51:20 2017] ::1:50154 [200]: /js/landingpage.js
[Mon Nov  6 20:51:20 2017] ::1:50155 [200]: /js/canvas.js
[Mon Nov  6 20:51:20 2017] ::1:50156 [200]: /logo.png
[Mon Nov  6 20:51:20 2017] ::1:50157 [200]: /fonts/roboto-mono-v5-latin/roboto-mono-v5-latin-100.woff2
[Mon Nov  6 20:51:20 2017] ::1:50158 [200]: /fonts/roboto-mono-v5-latin/roboto-mono-v5-latin-700.woff2
[Mon Nov  6 20:51:20 2017] ::1:50159 [200]: /fonts/roboto-mono-v5-latin/roboto-mono-v5-latin-regular.woff2
[Mon Nov  6 20:51:20 2017] ::1:50160 [200]: /fonts/roboto-mono-v5-latin/roboto-mono-v5-latin-100italic.woff2
[Mon Nov  6 20:51:20 2017] ::1:50161 [200]: /fonts/roboto-mono-v5-latin/roboto-mono-v5-latin-500.woff2
[Mon Nov  6 20:51:21 2017] ::1:50162 [200]: /favicon.ico
[Mon Nov  6 20:51:21 2017] ::1:50163 [200]: /favicon.ico
[Mon Nov  6 20:53:11 2017] ::1:50693 [200]: /
[Mon Nov  6 20:53:11 2017] ::1:50694 [200]: /fonts/roboto-mono-v5-latin/roboto-mono.css
[Mon Nov  6 20:53:11 2017] ::1:50695 [200]: /css/index.css
[Mon Nov  6 20:53:11 2017] ::1:50696 [200]: /fonts/webfont.js
[Mon Nov  6 20:53:11 2017] ::1:50697 [200]: /js/utils.js
[Mon Nov  6 20:53:11 2017] ::1:50698 [200]: /js/api.js
[Mon Nov  6 20:53:11 2017] ::1:50699 [200]: /js/notificationscenter.js
[Mon Nov  6 20:53:11 2017] ::1:50700 [200]: /js/landingpage.js
[Mon Nov  6 20:53:11 2017] ::1:50701 [200]: /js/canvas.js
[Mon Nov  6 20:53:11 2017] ::1:50702 [200]: /logo.png
[Mon Nov  6 20:53:11 2017] ::1:50704 [200]: /fonts/roboto-mono-v5-latin/roboto-mono-v5-latin-100.woff2
[Mon Nov  6 20:53:11 2017] ::1:50705 [200]: /fonts/roboto-mono-v5-latin/roboto-mono-v5-latin-700.woff2
[Mon Nov  6 20:53:11 2017] ::1:50706 [200]: /fonts/roboto-mono-v5-latin/roboto-mono-v5-latin-regular.woff2
[Mon Nov  6 20:53:11 2017] ::1:50707 [200]: /fonts/roboto-mono-v5-latin/roboto-mono-v5-latin-100italic.woff2
[Mon Nov  6 20:53:11 2017] ::1:50708 [200]: /fonts/roboto-mono-v5-latin/roboto-mono-v5-latin-500.woff2
[Mon Nov  6 20:53:11 2017] ::1:50709 [200]: /favicon.ico
[Mon Nov  6 20:53:11 2017] ::1:50710 [200]: /favicon.ico
PHP 5.6.30 Development Server started at Mon Nov  6 20:53:07 2017
Listening on http://localhost:8000
Document root is /Users/noahcardoza/cis89a
Press Ctrl-C to quit.
[Mon Nov  6 20:53:27 2017] ::1:50800 [200]: /
[Mon Nov  6 20:53:27 2017] ::1:50801 [200]: /fonts/roboto-mono-v5-latin/roboto-mono.css
[Mon Nov  6 20:53:27 2017] ::1:50802 [200]: /css/index.css
[Mon Nov  6 20:53:27 2017] ::1:50803 [200]: /fonts/webfont.js
[Mon Nov  6 20:53:27 2017] ::1:50804 [200]: /js/utils.js
[Mon Nov  6 20:53:27 2017] ::1:50805 [200]: /js/api.js
[Mon Nov  6 20:53:27 2017] ::1:50806 [200]: /js/notificationscenter.js
[Mon Nov  6 20:53:27 2017] ::1:50807 [200]: /js/landingpage.js
[Mon Nov  6 20:53:27 2017] ::1:50808 [200]: /js/canvas.js
[Mon Nov  6 20:53:27 2017] ::1:50809 [200]: /logo.png
[Mon Nov  6 20:53:28 2017] ::1:50814 [200]: /fonts/roboto-mono-v5-latin/roboto-mono-v5-latin-100.woff2
[Mon Nov  6 20:53:28 2017] ::1:50815 [200]: /fonts/roboto-mono-v5-latin/roboto-mono-v5-latin-700.woff2
[Mon Nov  6 20:53:28 2017] ::1:50816 [200]: /fonts/roboto-mono-v5-latin/roboto-mono-v5-latin-regular.woff2
[Mon Nov  6 20:53:28 2017] ::1:50817 [200]: /fonts/roboto-mono-v5-latin/roboto-mono-v5-latin-100italic.woff2
[Mon Nov  6 20:53:28 2017] ::1:50818 [200]: /fonts/roboto-mono-v5-latin/roboto-mono-v5-latin-500.woff2
[Mon Nov  6 20:53:28 2017] ::1:50819 [200]: /favicon.ico
[Mon Nov  6 20:53:28 2017] ::1:50820 [200]: /favicon.ico
[Mon Nov  6 21:02:07 2017] ::1:53202 [200]: /
[Mon Nov  6 21:02:07 2017] ::1:53203 [200]: /fonts/roboto-mono-v5-latin/roboto-mono.css
[Mon Nov  6 21:02:07 2017] ::1:53204 [200]: /css/index.css
[Mon Nov  6 21:02:07 2017] ::1:53205 [200]: /fonts/webfont.js
[Mon Nov  6 21:02:07 2017] ::1:53206 [200]: /js/utils.js
[Mon Nov  6 21:02:07 2017] ::1:53207 [200]: /js/api.js
[Mon Nov  6 21:02:07 2017] ::1:53208 [200]: /js/notificationscenter.js
[Mon Nov  6 21:02:07 2017] ::1:53209 [200]: /js/landingpage.js
[Mon Nov  6 21:02:07 2017] ::1:53210 [200]: /js/canvas.js
[Mon Nov  6 21:02:07 2017] ::1:53211 [200]: /logo.png
[Mon Nov  6 21:02:07 2017] ::1:53217 [200]: /fonts/roboto-mono-v5-latin/roboto-mono-v5-latin-100.woff2
[Mon Nov  6 21:02:07 2017] ::1:53218 [200]: /fonts/roboto-mono-v5-latin/roboto-mono-v5-latin-700.woff2
[Mon Nov  6 21:02:07 2017] ::1:53219 [200]: /fonts/roboto-mono-v5-latin/roboto-mono-v5-latin-regular.woff2
[Mon Nov  6 21:02:07 2017] ::1:53220 [200]: /fonts/roboto-mono-v5-latin/roboto-mono-v5-latin-100italic.woff2
[Mon Nov  6 21:02:07 2017] ::1:53221 [200]: /fonts/roboto-mono-v5-latin/roboto-mono-v5-latin-500.woff2
[Mon Nov  6 21:02:07 2017] ::1:53222 [200]: /favicon.ico
[Mon Nov  6 21:02:07 2017] ::1:53223 [200]: /favicon.ico
[Mon Nov  6 21:02:48 2017] ::1:53465 [200]: /
[Mon Nov  6 21:02:48 2017] ::1:53466 [200]: /fonts/roboto-mono-v5-latin/roboto-mono.css
[Mon Nov  6 21:02:48 2017] ::1:53467 [200]: /css/index.css
[Mon Nov  6 21:02:48 2017] ::1:53470 [200]: /js/api.js
[Mon Nov  6 21:02:48 2017] ::1:53468 [200]: /fonts/webfont.js
[Mon Nov  6 21:02:48 2017] ::1:53469 [200]: /js/utils.js
[Mon Nov  6 21:02:48 2017] ::1:53471 [200]: /js/notificationscenter.js
[Mon Nov  6 21:02:48 2017] ::1:53472 [200]: /js/landingpage.js
[Mon Nov  6 21:02:48 2017] ::1:53473 [200]: /js/canvas.js
[Mon Nov  6 21:02:48 2017] ::1:53474 [200]: /logo.png
[Mon Nov  6 21:02:49 2017] ::1:53476 [200]: /fonts/roboto-mono-v5-latin/roboto-mono-v5-latin-100.woff2
[Mon Nov  6 21:02:49 2017] ::1:53477 [200]: /fonts/roboto-mono-v5-latin/roboto-mono-v5-latin-700.woff2
[Mon Nov  6 21:02:49 2017] ::1:53478 [200]: /fonts/roboto-mono-v5-latin/roboto-mono-v5-latin-regular.woff2
[Mon Nov  6 21:02:49 2017] ::1:53479 [200]: /fonts/roboto-mono-v5-latin/roboto-mono-v5-latin-100italic.woff2
[Mon Nov  6 21:02:49 2017] ::1:53480 [200]: /fonts/roboto-mono-v5-latin/roboto-mono-v5-latin-500.woff2
[Mon Nov  6 21:02:49 2017] ::1:53481 [200]: /favicon.ico
[Mon Nov  6 21:02:49 2017] ::1:53482 [200]: /favicon.ico
[Mon Nov  6 21:04:08 2017] ::1:53832 [200]: /
[Mon Nov  6 21:04:08 2017] ::1:53833 [200]: /fonts/roboto-mono-v5-latin/roboto-mono.css
[Mon Nov  6 21:04:08 2017] ::1:53834 [200]: /css/index.css
[Mon Nov  6 21:04:08 2017] ::1:53835 [200]: /fonts/webfont.js
[Mon Nov  6 21:04:08 2017] ::1:53836 [200]: /js/utils.js
[Mon Nov  6 21:04:08 2017] ::1:53837 [200]: /js/api.js
[Mon Nov  6 21:04:08 2017] ::1:53838 [200]: /js/notificationscenter.js
[Mon Nov  6 21:04:08 2017] ::1:53839 [200]: /js/landingpage.js
[Mon Nov  6 21:04:08 2017] ::1:53840 [200]: /js/canvas.js
[Mon Nov  6 21:04:08 2017] ::1:53841 [200]: /logo.png
[Mon Nov  6 21:04:08 2017] ::1:53843 [200]: /fonts/roboto-mono-v5-latin/roboto-mono-v5-latin-100.woff2
[Mon Nov  6 21:04:08 2017] ::1:53844 [200]: /fonts/roboto-mono-v5-latin/roboto-mono-v5-latin-700.woff2
[Mon Nov  6 21:04:08 2017] ::1:53845 [200]: /fonts/roboto-mono-v5-latin/roboto-mono-v5-latin-regular.woff2
[Mon Nov  6 21:04:08 2017] ::1:53846 [200]: /fonts/roboto-mono-v5-latin/roboto-mono-v5-latin-100italic.woff2
[Mon Nov  6 21:04:08 2017] ::1:53847 [200]: /fonts/roboto-mono-v5-latin/roboto-mono-v5-latin-500.woff2
[Mon Nov  6 21:04:08 2017] ::1:53848 [200]: /favicon.ico
[Mon Nov  6 21:04:08 2017] ::1:53849 [200]: /favicon.ico
[Mon Nov  6 21:06:55 2017] ::1:54581 [200]: /
[Mon Nov  6 21:06:55 2017] ::1:54582 [200]: /fonts/roboto-mono-v5-latin/roboto-mono.css
[Mon Nov  6 21:06:55 2017] ::1:54583 [200]: /css/index.css
[Mon Nov  6 21:06:55 2017] ::1:54584 [200]: /fonts/webfont.js
[Mon Nov  6 21:06:55 2017] ::1:54585 [200]: /js/utils.js
[Mon Nov  6 21:06:55 2017] ::1:54586 [200]: /js/api.js
[Mon Nov  6 21:06:55 2017] ::1:54587 [200]: /js/notificationscenter.js
[Mon Nov  6 21:06:55 2017] ::1:54588 [200]: /js/landingpage.js
[Mon Nov  6 21:06:55 2017] ::1:54589 [200]: /js/canvas.js
[Mon Nov  6 21:06:55 2017] ::1:54590 [200]: /logo.png
[Mon Nov  6 21:06:55 2017] ::1:54592 [200]: /fonts/roboto-mono-v5-latin/roboto-mono-v5-latin-100.woff2
[Mon Nov  6 21:06:55 2017] ::1:54593 [200]: /fonts/roboto-mono-v5-latin/roboto-mono-v5-latin-700.woff2
[Mon Nov  6 21:06:55 2017] ::1:54594 [200]: /fonts/roboto-mono-v5-latin/roboto-mono-v5-latin-regular.woff2
[Mon Nov  6 21:06:55 2017] ::1:54595 [200]: /fonts/roboto-mono-v5-latin/roboto-mono-v5-latin-100italic.woff2
[Mon Nov  6 21:06:55 2017] ::1:54596 [200]: /fonts/roboto-mono-v5-latin/roboto-mono-v5-latin-500.woff2
[Mon Nov  6 21:06:55 2017] ::1:54597 [200]: /favicon.ico
[Mon Nov  6 21:06:55 2017] ::1:54598 [200]: /favicon.ico
[Tue Nov  7 09:32:40 2017] ::1:61715 [200]: /
[Tue Nov  7 09:32:40 2017] ::1:61716 [200]: /fonts/roboto-mono-v5-latin/roboto-mono.css
[Tue Nov  7 09:32:40 2017] ::1:61717 [200]: /css/index.css
[Tue Nov  7 09:32:40 2017] ::1:61718 [200]: /fonts/webfont.js
[Tue Nov  7 09:32:40 2017] ::1:61719 [200]: /js/utils.js
[Tue Nov  7 09:32:40 2017] ::1:61720 [200]: /js/api.js
[Tue Nov  7 09:32:40 2017] ::1:61725 [200]: /js/notificationscenter.js
[Tue Nov  7 09:32:40 2017] ::1:61726 [200]: /js/landingpage.js
[Tue Nov  7 09:32:40 2017] ::1:61727 [200]: /js/canvas.js
[Tue Nov  7 09:32:40 2017] ::1:61728 [200]: /logo.png
[Tue Nov  7 09:32:40 2017] ::1:61729 [200]: /fonts/roboto-mono-v5-latin/roboto-mono-v5-latin-100.woff2
[Tue Nov  7 09:32:40 2017] ::1:61730 [200]: /fonts/roboto-mono-v5-latin/roboto-mono-v5-latin-700.woff2
[Tue Nov  7 09:32:40 2017] ::1:61731 [200]: /fonts/roboto-mono-v5-latin/roboto-mono-v5-latin-regular.woff2
[Tue Nov  7 09:32:40 2017] ::1:61732 [200]: /fonts/roboto-mono-v5-latin/roboto-mono-v5-latin-100italic.woff2
[Tue Nov  7 09:32:40 2017] ::1:61733 [200]: /fonts/roboto-mono-v5-latin/roboto-mono-v5-latin-500.woff2
[Tue Nov  7 09:32:45 2017] ::1:61755 [200]: /sql.php
